\BOOKMARK [1][-]{section.1}{Introduction}{}% 1
\BOOKMARK [1][-]{section.2}{Background}{}% 2
\BOOKMARK [2][-]{subsection.2.1}{Skeletons}{section.2}% 3
\BOOKMARK [2][-]{subsection.2.2}{Refactoring}{section.2}% 4
\BOOKMARK [1][-]{section.3}{A Heterogeneous Parallel Programming Methodology}{}% 5
\BOOKMARK [1][-]{section.4}{Deriving Mappings using Monte Carlo Tree Search}{}% 6
\BOOKMARK [1][-]{section.5}{Case Studies}{}% 7
\BOOKMARK [2][-]{subsection.5.1}{Image Convolution}{section.5}% 8
\BOOKMARK [3][-]{subsubsection.5.1.1}{Configurations and Cost-Model Filtering}{subsection.5.1}% 9
\BOOKMARK [3][-]{subsubsection.5.1.2}{Optimal Static Mappings Determined by MCTS}{subsection.5.1}% 10
\BOOKMARK [3][-]{subsubsection.5.1.3}{Evaluation of Skeleton Configurations}{subsection.5.1}% 11
\BOOKMARK [2][-]{subsection.5.2}{Ant Colony Optimisation}{section.5}% 12
\BOOKMARK [3][-]{subsubsection.5.2.1}{Configurations and Cost-Model Filtering}{subsection.5.2}% 13
\BOOKMARK [3][-]{subsubsection.5.2.2}{Optimal Static Mapping Determined by MCTS}{subsection.5.2}% 14
\BOOKMARK [3][-]{subsubsection.5.2.3}{Evaluation of Skeleton Configurations}{subsection.5.2}% 15
\BOOKMARK [2][-]{subsection.5.3}{Molecular Dynamics}{section.5}% 16
\BOOKMARK [3][-]{subsubsection.5.3.1}{Configurations and Cost-Model Filtering}{subsection.5.3}% 17
\BOOKMARK [3][-]{subsubsection.5.3.2}{Optimal Static Mapping Using MCTS}{subsection.5.3}% 18
\BOOKMARK [3][-]{subsubsection.5.3.3}{Evaluation of Skeleton Configurations}{subsection.5.3}% 19
\BOOKMARK [1][-]{section.6}{Related Work}{}% 20
\BOOKMARK [1][-]{section.7}{Conclusions and Future Work}{}% 21
